<?xml version="1.0" encoding="UTF-8"?>
<!-- Generated by org.testng.reporters.JUnitReportReporter -->
<testsuite hostname="Preeths-MacBook-Pro.local" failures="0" tests="1" name="com.test.selenium.TestNG" time="7.758" errors="0" timestamp="2024-09-04T09:03:48 PDT" skipped="0">
  <testcase classname="com.test.selenium.TestNG" name="f" time="7.758"/>
</testsuite> <!-- com.test.selenium.TestNG -->
