<?xml version="1.0" encoding="UTF-8"?>
<!-- Generated by org.testng.reporters.JUnitReportReporter -->
<testsuite hostname="Preeths-MBP" failures="0" tests="1" name="test.interview.javaSelenium" time="37.281" errors="0" timestamp="2023-07-12T12:41:36 PDT" skipped="0">
  <testcase classname="test.interview.javaSelenium" name="testYahooPageSource" time="37.281"/>
  <system-out/>
</testsuite> <!-- test.interview.javaSelenium -->
