<?xml version="1.0" encoding="UTF-8"?>
<!-- Generated by org.testng.reporters.JUnitReportReporter -->
<testsuite hostname="Preeths-MBP" failures="0" tests="1" name="test.interview.testClassAn" time="0.006" errors="0" timestamp="2023-07-03T08:52:57 PDT" skipped="0">
  <testcase classname="test.interview.testClassAn" name="testAll" time="0.006"/>
  <system-out/>
</testsuite> <!-- test.interview.testClassAn -->
