<?xml version="1.0" encoding="UTF-8"?>
<!-- Generated by org.testng.reporters.JUnitReportReporter -->
<testsuite hostname="Preeths-MBP" failures="0" tests="1" name="com.interview.ui" time="5.565" errors="0" timestamp="2023-06-08T09:32:39 PDT" skipped="0">
  <testcase classname="com.interview.ui" name="actualTest" time="5.565"/>
  <system-out/>
</testsuite> <!-- com.interview.ui -->
