<?xml version="1.0" encoding="UTF-8"?>
<!-- Generated by org.testng.reporters.JUnitReportReporter -->
<testsuite hostname="Preeths-MBP" failures="0" tests="1" name="com.tsng.testTsng" time="0.007" errors="0" timestamp="2023-06-06T12:11:10 PDT" skipped="0">
  <testcase classname="com.tsng.testTsng" name="test" time="0.007"/>
  <system-out/>
</testsuite> <!-- com.tsng.testTsng -->
